Scenario - 
Logfile written - 04/24/2018 16:48:27

Trial	Event Type	Code	Time	TTime	Uncertainty	Duration	Uncertainty	ReqTime	ReqDur	Stim Type	Pair Index

0	Pulse	23	0	0	NA
1	Picture	prepare	167	0	1	50208	1	0	next	other	0
1	Pulse	23	20000	19833	NA
1	Pulse	23	40000	39833	NA
2	Picture	onset_rest_trial	50375	0	1	150124	1	0	next	other	0
2	Pulse	23	60000	9625	NA
2	Pulse	23	80000	29625	NA
2	Pulse	23	100000	49625	NA
2	Pulse	23	120000	69625	NA
2	Pulse	23	140000	89625	NA
2	Pulse	23	160000	109625	NA
2	Pulse	23	180000	129625	NA
2	Pulse	23	200000	149625	NA
3	Manual	bars4	200500	0	NA
4	Manual	bars4	205671	0	NA
5	Manual	bars5	210842	0	NA
6	Manual	bars7	216013	0	NA
6	Pulse	23	220000	3988	NA
7	Manual	bars6	221183	0	NA
8	Manual	bars7	226355	1	NA
9	Manual	bars5	231525	0	NA
10	Manual	bars4	236696	0	NA
10	Pulse	23	240000	3304	NA
11	Manual	bars4	241867	0	NA
12	Manual	bars6	247038	0	NA
13	Manual	bars7	252209	0	NA
14	Manual	bars5	257380	0	NA
14	Pulse	23	260000	2620	NA
15	Manual	bars5	262551	0	NA
16	Manual	bars4	267722	0	NA
17	Manual	bars4	272893	0	NA
18	Manual	bars4	278064	0	NA
18	Pulse	23	280000	1936	NA
19	Manual	bars4	283235	0	NA
20	Manual	bars7	288406	0	NA
21	Manual	bars6	293577	1	NA
22	Manual	bars5	298748	0	NA
22	Pulse	23	300000	1253	NA
23	Manual	bars6	303919	0	NA
24	Manual	bars7	309090	0	NA
25	Manual	bars4	314261	0	NA
26	Manual	bars5	319432	0	NA
26	Pulse	23	320000	569	NA
27	Manual	bars5	324602	0	NA
28	Manual	bars6	329773	0	NA
29	Manual	bars4	334944	0	NA
29	Pulse	23	340000	5056	NA
30	Manual	bars4	340115	0	NA
31	Manual	bars4	345286	0	NA
32	Manual	bars4	350457	0	NA
33	Manual	EOB_bars5	355628	0	NA
33	Manual	EOB_mean-0.05	355628	0	NA
33	Pulse	23	360000	4372	NA
33	Pulse	23	380000	24372	NA
34	Picture	ft_inst	380815	0	1	15179	1	0	next	other	0
35	Picture	onset_ft_trial	395995	0	1	10175	1	0	next	other	0
35	Pulse	23	400000	4005	NA
36	Picture	onset_ft_trial	406170	0	1	10175	1	0	next	other	0
37	Picture	onset_ft_trial	416345	0	1	10175	1	0	next	other	0
37	Pulse	23	420000	3655	NA
38	Picture	onset_ft_trial	426520	0	1	10175	1	0	next	other	0
39	Picture	onset_ft_trial	436695	0	1	10175	1	0	next	other	0
39	Pulse	23	440000	3305	NA
40	Picture	onset_ft_trial	446870	0	1	10175	1	0	next	other	0
41	Picture	onset_rest_trial	457045	0	1	150124	1	0	next	other	0
41	Pulse	23	460000	2955	NA
41	Pulse	23	480000	22955	NA
41	Pulse	23	500000	42955	NA
41	Pulse	23	520000	62955	NA
41	Pulse	23	540000	82955	NA
41	Pulse	23	560000	102955	NA
41	Pulse	23	580000	122955	NA
41	Pulse	23	600000	142955	NA
42	Manual	bars4	607170	0	NA
43	Manual	bars4	612341	0	NA
44	Manual	bars5	617512	0	NA
44	Pulse	23	620000	2488	NA
45	Manual	bars7	622685	3	NA
46	Manual	bars6	627854	0	NA
47	Manual	bars7	633025	0	NA
48	Manual	bars5	638196	0	NA
48	Pulse	23	640000	1805	NA
49	Manual	bars4	643367	0	NA
50	Manual	bars4	648538	0	NA
51	Manual	bars6	653709	0	NA
52	Manual	bars7	658880	0	NA
52	Pulse	23	660000	1121	NA
53	Manual	bars5	664051	0	NA
54	Manual	bars5	669221	0	NA
55	Manual	bars4	674392	0	NA
56	Manual	bars4	679563	0	NA
56	Pulse	23	680000	437	NA
57	Manual	bars4	684734	0	NA
58	Manual	bars4	689905	0	NA
59	Manual	bars7	695076	0	NA
59	Pulse	23	700000	4924	NA
60	Manual	bars6	700247	0	NA
61	Manual	bars5	705418	0	NA
62	Manual	bars6	710589	0	NA
63	Manual	bars7	715760	0	NA
63	Pulse	23	720000	4240	NA
64	Manual	bars4	720931	0	NA
65	Manual	bars5	726102	0	NA
66	Manual	bars5	731273	0	NA
67	Manual	bars6	736444	0	NA
67	Pulse	23	740000	3557	NA
68	Manual	bars4	741615	0	NA
69	Manual	bars4	746786	0	NA
70	Manual	bars4	751957	0	NA
71	Manual	bars4	757128	0	NA
71	Pulse	23	760000	2873	NA
72	Manual	EOB_bars5	762299	0	NA
72	Manual	EOB_mean-0.05	762299	0	NA
72	Pulse	23	780000	17702	NA
73	Picture	ft_inst	787486	0	1	15179	1	0	next	other	0
73	Pulse	23	800000	12514	NA
74	Picture	onset_ft_trial	802665	0	1	10175	1	0	next	other	0
75	Picture	onset_ft_trial	812840	0	1	10175	1	0	next	other	0
75	Pulse	23	820000	7160	NA
76	Picture	onset_ft_trial	823015	0	1	10175	1	0	next	other	0
77	Picture	onset_ft_trial	833190	0	1	10175	1	0	next	other	0
77	Pulse	23	840000	6810	NA
78	Picture	onset_ft_trial	843365	0	1	10175	1	0	next	other	0
79	Picture	onset_ft_trial	853540	0	1	10175	1	0	next	other	0
79	Pulse	23	860000	6460	NA
80	Picture	onset_rest_trial	863716	0	1	167	1	0	next	other	0
81	Picture	end_now	863882	0	1	20183	1	0	20000	other	0
81	Pulse	23	880000	16118	NA
81	Manual	mean_delta_t 0	884066	20184	NA
82	Picture	rating	884233	0	1	81217	1	0	resp	other	0
82	Pulse	23	900000	15767	NA
82	Pulse	23	920000	35767	NA
82	Pulse	23	940000	55767	NA
82	Quit		958907	74674	NA
